#
# A fatal error has been detected by the Java Runtime Environment:
#
#  EXCEPTION_ACCESS_VIOLATION (0xc0000005) at pc=0x00007ffced823df4, pid=30928, tid=9176
#
# JRE version: Java(TM) SE Runtime Environment (8.0_66-b17) (build 1.8.0_66-b17)
# Java VM: Java HotSpot(TM) 64-Bit Server VM (25.66-b17 mixed mode windows-amd64 compressed oops)
# Problematic frame:
# C  [msvcrt.dll+0x73df4]
#
# Failed to write core dump. Minidumps are not enabled by default on client versions of Windows
#
# If you would like to submit a bug report, please visit:
#   http://bugreport.java.com/bugreport/crash.jsp
# The crash happened outside the Java Virtual Machine in native code.
# See problematic frame for where to report the bug.
#

---------------  T H R E A D  ---------------

Current thread (0x000000001d9eb800):  JavaThread "VideoManager" [_thread_in_native, id=9176, stack(0x00000000232a0000,0x00000000233a0000)]

siginfo: ExceptionCode=0xc0000005, writing address 0x0000000019a8b000

Registers:
RAX=0x0000000019a8a9b0, RBX=0x000000000000006b, RCX=0x0000000019a8b010, RDX=0x000000000a21b440
RSP=0x000000002339e838, RBP=0x0000000000000000, RSI=0x0000000023ca6070, RDI=0x0000000019a8ac30
R8 =0x0000000000000000, R9 =0x000000000000000a, R10=0x0000000000000001, R11=0x0000000019a8ac30
R12=0x0000000000000280, R13=0x0000000000000500, R14=0x000000006f37c960, R15=0x00000000000002a0
RIP=0x00007ffced823df4, EFLAGS=0x0000000000010202

Top of Stack: (sp=0x000000002339e838)
0x000000002339e838:   000000006f22d20e 0000000000000000
0x000000002339e848:   0000000000000000 0000000000000000
0x000000002339e858:   0000000000000000 0000000000000000
0x000000002339e868:   fffffd3000000003 0000000100000001
0x000000002339e878:   0000000000000001 0000000100000000
0x000000002339e888:   0000000000000002 0000000000000000
0x000000002339e898:   0000000000000168 0000000000000000
0x000000002339e8a8:   0000000002827730 000000002339e9b0
0x000000002339e8b8:   0000000000000000 00000000217644b0
0x000000002339e8c8:   000000002339f1b8 000000001d9eb800
0x000000002339e8d8:   000000006e97daab 000000001d3a93f0
0x000000002339e8e8:   000000001d3a9430 0000000023ab47e0
0x000000002339e8f8:   0000000023ab4820 0000000000000000
0x000000002339e908:   0000000000000500 00000000000002d0
0x000000002339e918:   0000000002827730 000000002339e9b0
0x000000002339e928:   000000006e75393e 0000000024818960 

Instructions: (pc=0x00007ffced823df4)
0x00007ffced823dd4:   00 00 0f 87 76 00 00 00 49 83 e0 1f f3 0f 6f 04
0x00007ffced823de4:   0a f3 0f 6f 4c 0a 10 48 83 c1 20 66 0f 7f 41 e0
0x00007ffced823df4:   66 0f 7f 49 f0 49 ff c9 75 e2 e9 4f ff ff ff 66
0x00007ffced823e04:   66 66 66 66 66 66 0f 1f 84 00 00 00 00 00 66 66 


Register to memory mapping:

RAX=0x0000000019a8a9b0 is an unknown value
RBX=0x000000000000006b is an unknown value
RCX=0x0000000019a8b010 is an unknown value
RDX=0x000000000a21b440 is an unknown value
RSP=0x000000002339e838 is pointing into the stack for thread: 0x000000001d9eb800
RBP=0x0000000000000000 is an unknown value
RSI=0x0000000023ca6070 is an unknown value
RDI=0x0000000019a8ac30 is an unknown value
R8 =0x0000000000000000 is an unknown value
R9 =0x000000000000000a is an unknown value
R10=0x0000000000000001 is an unknown value
R11=0x0000000019a8ac30 is an unknown value
R12=0x0000000000000280 is an unknown value
R13=0x0000000000000500 is an unknown value
R14=0x000000006f37c960 is an unknown value
R15=0x00000000000002a0 is an unknown value


Stack: [0x00000000232a0000,0x00000000233a0000],  sp=0x000000002339e838,  free space=1018k
Native frames: (J=compiled Java code, j=interpreted, Vv=VM code, C=native code)

Java frames: (J=compiled Java code, j=interpreted, Vv=VM code)
j  com.xuggle.xuggler.XugglerJNI.IStreamCoder_decodeVideo(JLcom/xuggle/xuggler/IStreamCoder;JLcom/xuggle/xuggler/IVideoPicture;JLcom/xuggle/xuggler/IPacket;I)I+0
j  com.xuggle.xuggler.IStreamCoder.decodeVideo(Lcom/xuggle/xuggler/IVideoPicture;Lcom/xuggle/xuggler/IPacket;I)I+16
j  de.yadrone.base.video.xuggler.XugglerDecoder.decode(Ljava/io/InputStream;)V+262
j  de.yadrone.base.video.VideoManager.run()V+55
j  java.lang.Thread.run()V+11
v  ~StubRoutines::call_stub

---------------  P R O C E S S  ---------------

Java Threads: ( => current thread )
  0x000000001d9e9800 JavaThread "Thread-13" [_thread_in_native, id=32828, stack(0x00000000245c0000,0x00000000246c0000)]
  0x000000001d9e9000 JavaThread "Thread-12" [_thread_in_native, id=32896, stack(0x00000000244c0000,0x00000000245c0000)]
  0x000000001d9e8000 JavaThread "Thread-11" [_thread_in_native, id=15816, stack(0x00000000243c0000,0x00000000244c0000)]
  0x000000001d9e7800 JavaThread "Thread-10" [_thread_in_native, id=31572, stack(0x00000000242c0000,0x00000000243c0000)]
  0x000000001d9e6800 JavaThread "Thread-9" [_thread_in_native, id=35316, stack(0x00000000241c0000,0x00000000242c0000)]
  0x000000001d9e6000 JavaThread "Thread-8" [_thread_in_native, id=11944, stack(0x00000000240c0000,0x00000000241c0000)]
=>0x000000001d9eb800 JavaThread "VideoManager" [_thread_in_native, id=9176, stack(0x00000000232a0000,0x00000000233a0000)]
  0x000000001abba000 JavaThread "NavDataManager" [_thread_in_native, id=25048, stack(0x00000000231a0000,0x00000000232a0000)]
  0x000000001abb6000 JavaThread "CommandManager" [_thread_blocked, id=33144, stack(0x0000000022fa0000,0x00000000230a0000)]
  0x000000001abbc000 JavaThread "YADrone CommandManager Timer" [_thread_blocked, id=8948, stack(0x0000000022da0000,0x0000000022ea0000)]
  0x000000001d9a4000 JavaThread "Prism Font Disposer" daemon [_thread_blocked, id=33204, stack(0x0000000020590000,0x0000000020690000)]
  0x000000001a634000 JavaThread "pool-2-thread-1" [_thread_blocked, id=27488, stack(0x000000001d400000,0x000000001d500000)]
  0x000000001a5f3000 JavaThread "JavaFX-Launcher" [_thread_blocked, id=31064, stack(0x000000001d200000,0x000000001d300000)]
  0x000000001a5fe800 JavaThread "Thread-2" daemon [_thread_in_native, id=25152, stack(0x000000001d100000,0x000000001d200000)]
  0x000000001a4c8800 JavaThread "JavaFX Application Thread" [_thread_in_native, id=32916, stack(0x000000001b060000,0x000000001b160000)]
  0x000000001a4b0000 JavaThread "Thread-1" daemon [_thread_blocked, id=31768, stack(0x000000001af60000,0x000000001b060000)]
  0x000000001a47a000 JavaThread "QuantumRenderer-0" daemon [_thread_blocked, id=32732, stack(0x000000001ac60000,0x000000001ad60000)]
  0x000000001992a000 JavaThread "Service Thread" daemon [_thread_blocked, id=34068, stack(0x000000001a260000,0x000000001a360000)]
  0x000000001989b000 JavaThread "C1 CompilerThread3" daemon [_thread_blocked, id=33396, stack(0x000000001a160000,0x000000001a260000)]
  0x000000001989a000 JavaThread "C2 CompilerThread2" daemon [_thread_blocked, id=35568, stack(0x000000001a060000,0x000000001a160000)]
  0x0000000019890000 JavaThread "C2 CompilerThread1" daemon [_thread_blocked, id=31080, stack(0x0000000019f60000,0x000000001a060000)]
  0x000000001988a000 JavaThread "C2 CompilerThread0" daemon [_thread_blocked, id=33496, stack(0x0000000019e60000,0x0000000019f60000)]
  0x00000000177ac800 JavaThread "Attach Listener" daemon [_thread_blocked, id=33904, stack(0x0000000019d60000,0x0000000019e60000)]
  0x00000000177ab800 JavaThread "Signal Dispatcher" daemon [_thread_blocked, id=27328, stack(0x0000000019c60000,0x0000000019d60000)]
  0x000000001779d000 JavaThread "Finalizer" daemon [_thread_blocked, id=21760, stack(0x0000000019670000,0x0000000019770000)]
  0x0000000002815800 JavaThread "Reference Handler" daemon [_thread_blocked, id=8956, stack(0x0000000019570000,0x0000000019670000)]
  0x000000000271d800 JavaThread "main" [_thread_blocked, id=30156, stack(0x00000000025b0000,0x00000000026b0000)]

Other Threads:
  0x0000000017799000 VMThread [stack: 0x0000000019470000,0x0000000019570000] [id=32888]
  0x000000001992c800 WatcherThread [stack: 0x000000001a360000,0x000000001a460000] [id=30136]

VM state:not at safepoint (normal execution)

VM Mutex/Monitor currently owned by a thread: None

Heap:
 PSYoungGen      total 38400K, used 22884K [0x00000000d5f00000, 0x00000000d8980000, 0x0000000100000000)
  eden space 33280K, 53% used [0x00000000d5f00000,0x00000000d7077b60,0x00000000d7f80000)
  from space 5120K, 97% used [0x00000000d7f80000,0x00000000d8461700,0x00000000d8480000)
  to   space 5120K, 0% used [0x00000000d8480000,0x00000000d8480000,0x00000000d8980000)
 ParOldGen       total 87552K, used 80K [0x0000000081c00000, 0x0000000087180000, 0x00000000d5f00000)
  object space 87552K, 0% used [0x0000000081c00000,0x0000000081c14010,0x0000000087180000)
 Metaspace       used 19705K, capacity 20646K, committed 20992K, reserved 1067008K
  class space    used 2774K, capacity 2980K, committed 3072K, reserved 1048576K

Card table byte_map: [0x0000000011be0000,0x0000000011fe0000] byte_map_base: 0x00000000117d2000

Marking Bits: (ParMarkBitMap*) 0x0000000072a9a5b0
 Begin Bits: [0x0000000012a90000, 0x0000000014a20000)
 End Bits:   [0x0000000014a20000, 0x00000000169b0000)

Polling page: 0x0000000000df0000

CodeCache: size=245760Kb used=6778Kb max_used=6778Kb free=238981Kb
 bounds [0x0000000002820000, 0x0000000002ed0000, 0x0000000011820000]
 total_blobs=3026 nmethods=2254 adapters=683
 compilation: enabled

Compilation events (10 events):
Event: 12.563 Thread 0x000000001989b000 2249       3       java.util.Calendar::setFieldsComputed (117 bytes)
Event: 12.563 Thread 0x000000001989b000 nmethod 2249 0x0000000002ebe690 code [0x0000000002ebe840, 0x0000000002ebecf0]
Event: 12.563 Thread 0x000000001989b000 2251       3       java.util.regex.Matcher::search (109 bytes)
Event: 12.563 Thread 0x000000001989b000 nmethod 2251 0x0000000002ebdf90 code [0x0000000002ebe120, 0x0000000002ebe528]
Event: 12.563 Thread 0x000000001989b000 2252       3       java.util.regex.Pattern$GroupTail::match (111 bytes)
Event: 12.563 Thread 0x000000001989b000 nmethod 2252 0x0000000002ec1750 code [0x0000000002ec18e0, 0x0000000002ec1ca8]
Event: 12.563 Thread 0x000000001989b000 2250       3       java.util.Locale::hashCode (41 bytes)
Event: 12.563 Thread 0x000000001989b000 nmethod 2250 0x0000000002ec1f90 code [0x0000000002ec2100, 0x0000000002ec2478]
Event: 12.563 Thread 0x000000001989b000 2253       3       java.lang.String::subSequence (7 bytes)
Event: 12.564 Thread 0x000000001989b000 nmethod 2253 0x0000000002ec2590 code [0x0000000002ec2700, 0x0000000002ec2908]

GC Heap History (2 events):
Event: 0.833 GC heap before
{Heap before GC invocations=1 (full 0):
 PSYoungGen      total 38400K, used 33280K [0x00000000d5f00000, 0x00000000d8980000, 0x0000000100000000)
  eden space 33280K, 100% used [0x00000000d5f00000,0x00000000d7f80000,0x00000000d7f80000)
  from space 5120K, 0% used [0x00000000d8480000,0x00000000d8480000,0x00000000d8980000)
  to   space 5120K, 0% used [0x00000000d7f80000,0x00000000d7f80000,0x00000000d8480000)
 ParOldGen       total 87552K, used 0K [0x0000000081c00000, 0x0000000087180000, 0x00000000d5f00000)
  object space 87552K, 0% used [0x0000000081c00000,0x0000000081c00000,0x0000000087180000)
 Metaspace       used 15524K, capacity 16320K, committed 16384K, reserved 1062912K
  class space    used 2318K, capacity 2527K, committed 2560K, reserved 1048576K
Event: 0.837 GC heap after
Heap after GC invocations=1 (full 0):
 PSYoungGen      total 38400K, used 4997K [0x00000000d5f00000, 0x00000000d8980000, 0x0000000100000000)
  eden space 33280K, 0% used [0x00000000d5f00000,0x00000000d5f00000,0x00000000d7f80000)
  from space 5120K, 97% used [0x00000000d7f80000,0x00000000d8461700,0x00000000d8480000)
  to   space 5120K, 0% used [0x00000000d8480000,0x00000000d8480000,0x00000000d8980000)
 ParOldGen       total 87552K, used 80K [0x0000000081c00000, 0x0000000087180000, 0x00000000d5f00000)
  object space 87552K, 0% used [0x0000000081c00000,0x0000000081c14010,0x0000000087180000)
 Metaspace       used 15524K, capacity 16320K, committed 16384K, reserved 1062912K
  class space    used 2318K, capacity 2527K, committed 2560K, reserved 1048576K
}

Deoptimization events (10 events):
Event: 7.495 Thread 0x000000001a47a000 Uncommon trap: reason=class_check action=maybe_recompile pc=0x0000000002db788c method=sun.reflect.DelegatingMethodAccessorImpl.invoke(Ljava/lang/Object;[Ljava/lang/Object;)Ljava/lang/Object; @ 6
Event: 7.504 Thread 0x000000001a47a000 Uncommon trap: reason=class_check action=maybe_recompile pc=0x0000000002db788c method=sun.reflect.DelegatingMethodAccessorImpl.invoke(Ljava/lang/Object;[Ljava/lang/Object;)Ljava/lang/Object; @ 6
Event: 7.504 Thread 0x000000001a47a000 Uncommon trap: reason=class_check action=maybe_recompile pc=0x0000000002db788c method=sun.reflect.DelegatingMethodAccessorImpl.invoke(Ljava/lang/Object;[Ljava/lang/Object;)Ljava/lang/Object; @ 6
Event: 7.506 Thread 0x000000001a47a000 Uncommon trap: reason=class_check action=maybe_recompile pc=0x0000000002db788c method=sun.reflect.DelegatingMethodAccessorImpl.invoke(Ljava/lang/Object;[Ljava/lang/Object;)Ljava/lang/Object; @ 6
Event: 7.563 Thread 0x000000001a4c8800 Uncommon trap: reason=unstable_if action=reinterpret pc=0x0000000002daa07c method=java.lang.Math.round(D)J @ 48
Event: 7.566 Thread 0x000000001a47a000 Uncommon trap: reason=unstable_if action=reinterpret pc=0x0000000002d756cc method=java.lang.Math.round(F)I @ 36
Event: 7.566 Thread 0x000000001a47a000 Uncommon trap: reason=unstable_if action=reinterpret pc=0x0000000002dbf6a4 method=java.lang.Math.round(F)I @ 36
Event: 7.566 Thread 0x000000001a47a000 Uncommon trap: reason=unstable_if action=reinterpret pc=0x0000000002dd7c54 method=java.lang.Math.round(F)I @ 36
Event: 7.566 Thread 0x000000001a47a000 Uncommon trap: reason=unstable_if action=reinterpret pc=0x0000000002dbf0f8 method=java.lang.Math.round(F)I @ 36
Event: 7.574 Thread 0x000000001a47a000 Uncommon trap: reason=unstable_if action=reinterpret pc=0x0000000002dc7cc8 method=com.sun.prism.impl.GlyphCache.getCachedGlyph(II)Lcom/sun/prism/impl/GlyphCache$GlyphData; @ 43

Internal exceptions (10 events):
Event: 0.259 Thread 0x000000000271d800 Exception <a 'java/security/PrivilegedActionException'> (0x00000000d65758c8) thrown at [C:\re\workspace\8-2-build-windows-amd64-cygwin\jdk8u66\4988\hotspot\src\share\vm\prims\jvm.cpp, line 1386]
Event: 0.259 Thread 0x000000000271d800 Exception <a 'java/security/PrivilegedActionException'> (0x00000000d6576d90) thrown at [C:\re\workspace\8-2-build-windows-amd64-cygwin\jdk8u66\4988\hotspot\src\share\vm\prims\jvm.cpp, line 1386]
Event: 0.259 Thread 0x000000000271d800 Exception <a 'java/security/PrivilegedActionException'> (0x00000000d6576fa0) thrown at [C:\re\workspace\8-2-build-windows-amd64-cygwin\jdk8u66\4988\hotspot\src\share\vm\prims\jvm.cpp, line 1386]
Event: 0.359 Thread 0x000000001a4c8800 Exception <a 'java/lang/NullPointerException'> (0x00000000d6d1aa38) thrown at [C:\re\workspace\8-2-build-windows-amd64-cygwin\jdk8u66\4988\hotspot\src\share\vm\interpreter\linkResolver.cpp, line 1178]
Event: 0.359 Thread 0x000000001a4c8800 Exception <a 'java/lang/NullPointerException'> (0x00000000d6d1aa38) thrown at [C:\re\workspace\8-2-build-windows-amd64-cygwin\jdk8u66\4988\hotspot\src\share\vm\prims\jvm.cpp, line 1390]
Event: 0.412 Thread 0x000000001a4c8800 Exception <a 'java/lang/ArrayIndexOutOfBoundsException'> (0x00000000d6f53d68) thrown at [C:\re\workspace\8-2-build-windows-amd64-cygwin\jdk8u66\4988\hotspot\src\share\vm\runtime\sharedRuntime.cpp, line 605]
Event: 0.412 Thread 0x000000001a4c8800 Exception <a 'java/lang/ArrayIndexOutOfBoundsException'> (0x00000000d6f54880) thrown at [C:\re\workspace\8-2-build-windows-amd64-cygwin\jdk8u66\4988\hotspot\src\share\vm\runtime\sharedRuntime.cpp, line 605]
Event: 0.412 Thread 0x000000001a4c8800 Exception <a 'java/lang/ArrayIndexOutOfBoundsException'> (0x00000000d6f55c28) thrown at [C:\re\workspace\8-2-build-windows-amd64-cygwin\jdk8u66\4988\hotspot\src\share\vm\runtime\sharedRuntime.cpp, line 605]
Event: 0.614 Thread 0x000000001a4c8800 Exception <a 'java/io/FileNotFoundException'> (0x00000000d77cc038) thrown at [C:\re\workspace\8-2-build-windows-amd64-cygwin\jdk8u66\4988\hotspot\src\share\vm\prims\jni.cpp, line 709]
Event: 7.495 Thread 0x000000001a47a000 Implicit null exception at 0x0000000002dc0568 to 0x0000000002dc0831

Events (10 events):
Event: 12.554 Executing VM operation: RevokeBias
Event: 12.554 Executing VM operation: RevokeBias done
Event: 12.555 Executing VM operation: RevokeBias
Event: 12.555 Executing VM operation: RevokeBias done
Event: 12.556 Thread 0x000000001d9e7800 Thread added: 0x000000001d9e7800
Event: 12.558 Thread 0x000000001d9e8000 Thread added: 0x000000001d9e8000
Event: 12.560 Thread 0x000000001d9e9000 Thread added: 0x000000001d9e9000
Event: 12.561 loading class com/xuggle/ferry/JNIMemoryParachute
Event: 12.561 loading class com/xuggle/ferry/JNIMemoryParachute done
Event: 12.562 Thread 0x000000001d9e9800 Thread added: 0x000000001d9e9800


Dynamic libraries:
0x00007ff622250000 - 0x00007ff622287000 	C:\Program Files\Java\jre1.8.0_66\bin\javaw.exe
0x00007ffceff00000 - 0x00007ffcf00d1000 	C:\WINDOWS\SYSTEM32\ntdll.dll
0x00007ffced700000 - 0x00007ffced7ac000 	C:\WINDOWS\System32\KERNEL32.DLL
0x00007ffcecfe0000 - 0x00007ffced1fd000 	C:\WINDOWS\System32\KERNELBASE.dll
0x00007ffced650000 - 0x00007ffced6f2000 	C:\WINDOWS\System32\ADVAPI32.dll
0x00007ffced7b0000 - 0x00007ffced84e000 	C:\WINDOWS\System32\msvcrt.dll
0x00007ffcefd60000 - 0x00007ffcefdb9000 	C:\WINDOWS\System32\sechost.dll
0x00007ffcef820000 - 0x00007ffcef941000 	C:\WINDOWS\System32\RPCRT4.dll
0x00007ffced4e0000 - 0x00007ffced645000 	C:\WINDOWS\System32\USER32.dll
0x00007ffced370000 - 0x00007ffced38e000 	C:\WINDOWS\System32\win32u.dll
0x00007ffced4a0000 - 0x00007ffced4d4000 	C:\WINDOWS\System32\GDI32.dll
0x00007ffcecd50000 - 0x00007ffceced2000 	C:\WINDOWS\System32\gdi32full.dll
0x00007ffce5820000 - 0x00007ffce5a9a000 	C:\WINDOWS\WinSxS\amd64_microsoft.windows.common-controls_6595b64144ccf1df_6.0.14393.953_none_42151e83c686086b\COMCTL32.dll
0x00007ffcef950000 - 0x00007ffcefc18000 	C:\WINDOWS\System32\combase.dll
0x00007ffced200000 - 0x00007ffced2f5000 	C:\WINDOWS\System32\ucrtbase.dll
0x00007ffced300000 - 0x00007ffced36a000 	C:\WINDOWS\System32\bcryptPrimitives.dll
0x00007ffcef7f0000 - 0x00007ffcef81e000 	C:\WINDOWS\System32\IMM32.DLL
0x0000000072180000 - 0x0000000072252000 	C:\Program Files\Java\jre1.8.0_66\bin\msvcr100.dll
0x0000000072290000 - 0x0000000072b19000 	C:\Program Files\Java\jre1.8.0_66\bin\server\jvm.dll
0x00007ffced490000 - 0x00007ffced498000 	C:\WINDOWS\System32\PSAPI.DLL
0x00007ffcd9840000 - 0x00007ffcd9849000 	C:\WINDOWS\SYSTEM32\WSOCK32.dll
0x00007ffce9c80000 - 0x00007ffce9ca3000 	C:\WINDOWS\SYSTEM32\WINMM.dll
0x00007ffcea890000 - 0x00007ffcea89a000 	C:\WINDOWS\SYSTEM32\VERSION.dll
0x00007ffcee010000 - 0x00007ffcee07a000 	C:\WINDOWS\System32\WS2_32.dll
0x00007ffce9920000 - 0x00007ffce994b000 	C:\WINDOWS\SYSTEM32\WINMMBASE.dll
0x00007ffcecee0000 - 0x00007ffcecf22000 	C:\WINDOWS\System32\cfgmgr32.dll
0x0000000072fa0000 - 0x0000000072faf000 	C:\Program Files\Java\jre1.8.0_66\bin\verify.dll
0x0000000072f70000 - 0x0000000072f99000 	C:\Program Files\Java\jre1.8.0_66\bin\java.dll
0x0000000072f50000 - 0x0000000072f66000 	C:\Program Files\Java\jre1.8.0_66\bin\zip.dll
0x00007ffcee080000 - 0x00007ffcef588000 	C:\WINDOWS\System32\SHELL32.dll
0x00007ffcec3f0000 - 0x00007ffcecaca000 	C:\WINDOWS\System32\windows.storage.dll
0x00007ffcec390000 - 0x00007ffcec3dc000 	C:\WINDOWS\System32\powrprof.dll
0x00007ffcefcf0000 - 0x00007ffcefd42000 	C:\WINDOWS\System32\shlwapi.dll
0x00007ffcec3e0000 - 0x00007ffcec3ef000 	C:\WINDOWS\System32\kernel.appcore.dll
0x00007ffcecf30000 - 0x00007ffcecfd9000 	C:\WINDOWS\System32\shcore.dll
0x00007ffcec360000 - 0x00007ffcec374000 	C:\WINDOWS\System32\profapi.dll
0x00007ffcd6890000 - 0x00007ffcd697f000 	C:\Program Files\Java\jre1.8.0_66\bin\msvcr120.dll
0x00007ffcd3940000 - 0x00007ffcd39e6000 	C:\Program Files\Java\jre1.8.0_66\bin\msvcp120.dll
0x0000000072150000 - 0x0000000072173000 	C:\Program Files\Java\jre1.8.0_66\bin\prism_d3d.dll
0x00007ffcc2df0000 - 0x00007ffcc2f7d000 	C:\WINDOWS\system32\d3d9.dll
0x00007ffce7520000 - 0x00007ffce7546000 	C:\WINDOWS\SYSTEM32\dwmapi.dll
0x00007ffcea080000 - 0x00007ffcea115000 	C:\WINDOWS\system32\uxtheme.dll
0x00007ffcb1990000 - 0x00007ffcb23fe000 	C:\WINDOWS\SYSTEM32\igdumdim64.dll
0x00007ffcdfea0000 - 0x00007ffce0304000 	C:\WINDOWS\SYSTEM32\igdusc64.dll
0x0000000072100000 - 0x0000000072143000 	C:\Program Files\Java\jre1.8.0_66\bin\glass.dll
0x00007ffced8b0000 - 0x00007ffced9aa000 	C:\WINDOWS\System32\COMDLG32.dll
0x00007ffcefdc0000 - 0x00007ffcefef8000 	C:\WINDOWS\System32\ole32.dll
0x00007ffced9c0000 - 0x00007ffceda7f000 	C:\WINDOWS\System32\OLEAUT32.dll
0x00007ffced390000 - 0x00007ffced42c000 	C:\WINDOWS\System32\msvcp_win.dll
0x00007ffceda80000 - 0x00007ffcedbda000 	C:\WINDOWS\System32\MSCTF.dll
0x00007ffc9ee90000 - 0x00007ffca0d87000 	C:\opencv\build\java\x64\opencv_java320.dll
0x00007ffceacc0000 - 0x00007ffceace0000 	C:\WINDOWS\SYSTEM32\AVIFIL32.dll
0x00007ffce7b10000 - 0x00007ffce7b39000 	C:\WINDOWS\SYSTEM32\MSVFW32.dll
0x00007ffceac70000 - 0x00007ffceac88000 	C:\WINDOWS\SYSTEM32\AVICAP32.dll
0x00007ffceadd0000 - 0x00007ffceadec000 	C:\WINDOWS\SYSTEM32\MSACM32.dll
0x00000000720e0000 - 0x00000000720f4000 	C:\Program Files\Java\jre1.8.0_66\bin\javafx_font.dll
0x00007ffce38b0000 - 0x00007ffce3b19000 	C:\WINDOWS\SYSTEM32\dwrite.dll
0x00007ffcef590000 - 0x00007ffcef62f000 	C:\WINDOWS\System32\clbcatq.dll
0x00007ffce3f50000 - 0x00007ffce40f8000 	C:\WINDOWS\SYSTEM32\WindowsCodecs.dll
0x00007ffcd4da0000 - 0x00007ffcd4de9000 	C:\WINDOWS\system32\dataexchange.dll
0x00007ffce81e0000 - 0x00007ffce8496000 	C:\WINDOWS\system32\d3d11.dll
0x00007ffce8850000 - 0x00007ffce89a1000 	C:\WINDOWS\system32\dcomp.dll
0x00007ffceb060000 - 0x00007ffceb0ff000 	C:\WINDOWS\system32\dxgi.dll
0x00007ffcea450000 - 0x00007ffcea56c000 	C:\WINDOWS\system32\twinapi.appcore.dll
0x00007ffcec2b0000 - 0x00007ffcec2db000 	C:\WINDOWS\system32\bcrypt.dll
0x00007ffce7ad0000 - 0x00007ffce7b02000 	C:\Program Files\Common Files\Microsoft Shared\Ink\rtscom.dll
0x00000000720c0000 - 0x00000000720d1000 	C:\Program Files\Java\jre1.8.0_66\bin\prism_common.dll
0x0000000072f30000 - 0x0000000072f4a000 	C:\Program Files\Java\jre1.8.0_66\bin\net.dll
0x00007ffceb930000 - 0x00007ffceb98c000 	C:\WINDOWS\system32\mswsock.dll
0x00007ffcebf00000 - 0x00007ffcebf17000 	C:\WINDOWS\SYSTEM32\CRYPTSP.dll
0x00007ffceb530000 - 0x00007ffceb563000 	C:\WINDOWS\system32\rsaenh.dll
0x00007ffceb7b0000 - 0x00007ffceb7cf000 	C:\WINDOWS\SYSTEM32\USERENV.dll
0x00007ffcec290000 - 0x00007ffcec29b000 	C:\WINDOWS\SYSTEM32\CRYPTBASE.dll
0x00007ffceb6b0000 - 0x00007ffceb6e8000 	C:\WINDOWS\SYSTEM32\IPHLPAPI.DLL
0x00007ffced9b0000 - 0x00007ffced9b8000 	C:\WINDOWS\System32\NSI.dll
0x00007ffce28a0000 - 0x00007ffce28b6000 	C:\WINDOWS\SYSTEM32\dhcpcsvc6.DLL
0x00007ffce2880000 - 0x00007ffce289a000 	C:\WINDOWS\SYSTEM32\dhcpcsvc.DLL
0x0000000072f10000 - 0x0000000072f21000 	C:\Program Files\Java\jre1.8.0_66\bin\nio.dll
0x000000006e740000 - 0x000000006fda5000 	C:\Users\Daniel\AppData\Local\Temp\xuggle\xuggle8449252679290038156.dll
0x00007ffcebf20000 - 0x00007ffcec0b2000 	C:\WINDOWS\SYSTEM32\dbghelp.dll

VM Arguments:
jvm_args: -Djava.library.path=C:\opencv\build\java\x64 -Dfile.encoding=Cp1252 
java_command: application.Main
java_class_path (initial): C:\Users\Daniel\git\Drown\Drown\bin;C:\Users\Daniel\.p2\pool\plugins\org.eclipse.fx.ide.css.jfx8_2.4.0.201605112122.jar;C:\Users\Daniel\Documents\NetBeansProjects\ARDroneDemo2\lib\YADrone\commons-net-3.2.jar;C:\Users\Daniel\Documents\NetBeansProjects\ARDroneDemo2\lib\YADrone\core.jar;C:\Users\Daniel\Documents\NetBeansProjects\ARDroneDemo2\lib\YADrone\jcommon-1.0.16.jar;C:\Users\Daniel\Documents\NetBeansProjects\ARDroneDemo2\lib\YADrone\jfreechart-1.0.13.jar;C:\Users\Daniel\Documents\NetBeansProjects\ARDroneDemo2\lib\YADrone\slf4j-api-1.7.2.jar;C:\Users\Daniel\Documents\NetBeansProjects\ARDroneDemo2\lib\YADrone\slf4j-jdk14-1.7.2.jar;C:\Users\Daniel\Documents\NetBeansProjects\ARDroneDemo2\lib\YADrone\xuggle-xuggler-5.4.jar;C:\Users\Daniel\Documents\NetBeansProjects\ARDroneDemo2\lib\YADrone\yadrone_032.jar;C:\Users\Daniel\Documents\NetBeansProjects\ARDroneDemo2\lib\YADrone\zxing\core-2.2.jar;C:\Users\Daniel\Documents\NetBeansProjects\ARDroneDemo2\lib\YADrone\zxing\javase-2.2.jar;C:\Users\Daniel\Documents\NetBeansProjects\ARDroneDemo2\lib\YADrone\reflections\guava-11.0.2.jar;C:\Users\Daniel\Documents\NetBeansProjects\ARDroneDemo2\lib\YADrone\reflections\javassist-3.16.1-GA.jar;C:\Users\Daniel\Documents\NetBeansProjects\ARDroneDemo2\lib\YADrone\reflections\reflections-0.9.9-RC1.jar;C:\opencv\build\java\opencv-320.jar
Launcher Type: SUN_STANDARD

Environment Variables:
JAVA_HOME=C:\Program Files\Java\jdk1.8.0_31
JRE_HOME=C:\Program Files\Java\jre1.8.0_31
PATH=C:/Program Files/Java/jre1.8.0_66/bin/server;C:/Program Files/Java/jre1.8.0_66/bin;C:/Program Files/Java/jre1.8.0_66/lib/amd64;C:\Program Files (x86)\Common Files\Intel\Shared Libraries\redist\intel64\compiler;C:\ProgramData\Oracle\Java\javapath;C:\Program Files (x86)\Common Files\Intel\Shared Libraries\redist\intel64\compiler;C:\Program Files (x86)\Common Files\Intel\Shared Libraries\redist\ia32\compiler;C:\Program Files (x86)\Intel\iCLS Client\;C:\Program Files\Intel\iCLS Client\;C:\WINDOWS\system32;C:\WINDOWS;C:\WINDOWS\System32\Wbem;C:\WINDOWS\System32\WindowsPowerShell\v1.0\;C:\Program Files (x86)\Windows Live\Shared;C:\Program Files\Intel\Intel(R) Management Engine Components\DAL;C:\Program Files\Intel\Intel(R) Management Engine Components\IPT;C:\Program Files (x86)\Intel\Intel(R) Management Engine Components\DAL;C:\Program Files (x86)\Intel\Intel(R) Management Engine Components\IPT;C:\Program Files (x86)\Intel\OpenCL SDK\2.0\bin\x86;C:\Program Files (x86)\Intel\OpenCL SDK\2.0\bin\x64;C:\Program Files\MATLAB\R2013b\runtime\win64;C:\Program Files\MATLAB\R2013b\bin;C:\Program Files\Intel\WiFi\bin\;C:\Program Files\Common Files\Intel\WirelessCommon\;C:\Program Files (x86)\GNU\GnuPG\pub;C:\Program Files (x86)\Git\cmd;C:\Users\Daniel\.dnx\bin;C:\Program Files\Microsoft DNX\Dnvm\;C:\Program Files\Microsoft SQL Server\120\Tools\Binn\;C:\cygwin64\bin;C:\Program Files\Java\jdk1.8.0_31\bin;C:\Program Files (x86)\NVIDIA Corporation\PhysX\Common;C:\Program Files (x86)\Streamlink\bin;C:\Program Files (x86)\Streamlink\bin;C:\MinGW\bin;C:\WINDOWS\system32\config\systemprofile\.dnx\bin;C:\Program Files\Microsoft DNX\Dnvm\;C:\Program Files\Microsoft SQL Server\130\Tools\Binn\;C:\Program Files (x86)\Livestreamer;C:\Program Files (x86)\Skype\Phone\;C:\Program Files\nodejs\;C:\Users\Daniel\AppData\Local\Microsoft\WindowsApps;C:\Users\Daniel\AppData\Roaming\npm;C:\Users\Daniel\AppData\Local\atom\bin;C:\Users\Daniel\Desktop;
USERNAME=Daniel
OS=Windows_NT
PROCESSOR_IDENTIFIER=Intel64 Family 6 Model 58 Stepping 9, GenuineIntel



---------------  S Y S T E M  ---------------

OS: Windows 10.0 , 64 bit Build 14393 (10.0.14393.1198)

CPU:total 8 (4 cores per cpu, 2 threads per core) family 6 model 58 stepping 9, cmov, cx8, fxsr, mmx, sse, sse2, sse3, ssse3, sse4.1, sse4.2, popcnt, avx, aes, clmul, erms, ht, tsc, tscinvbit, tscinv

Memory: 4k page, physical 8271452k(3343808k free), swap 16536276k(5139612k free)

vm_info: Java HotSpot(TM) 64-Bit Server VM (25.66-b17) for windows-amd64 JRE (1.8.0_66-b17), built on Oct  6 2015 18:55:33 by "java_re" with MS VC++ 10.0 (VS2010)

time: Wed Jun 14 12:35:37 2017
elapsed time: 12 seconds (0d 0h 0m 12s)

